[debug] [2021-04-18T17:03:47.602Z] ----------------------------------------------------------------------
[debug] [2021-04-18T17:03:47.603Z] Command:       /usr/local/bin/node /usr/local/bin/firebase deploy
[debug] [2021-04-18T17:03:47.604Z] CLI Version:   9.4.0
[debug] [2021-04-18T17:03:47.604Z] Platform:      darwin
[debug] [2021-04-18T17:03:47.604Z] Node Version:  v14.15.4
[debug] [2021-04-18T17:03:47.609Z] Time:          Sun Apr 18 2021 22:33:47 GMT+0530 (India Standard Time)
[debug] [2021-04-18T17:03:47.609Z] ----------------------------------------------------------------------
[debug] [2021-04-18T17:03:47.609Z] 
[debug] [2021-04-18T17:03:47.616Z] > command requires scopes: ["email","openid","https://www.googleapis.com/auth/cloudplatformprojects.readonly","https://www.googleapis.com/auth/firebase","https://www.googleapis.com/auth/cloud-platform"]
[debug] [2021-04-18T17:03:47.616Z] > authorizing via signed-in user
[debug] [2021-04-18T17:03:47.616Z] [iam] checking project nandkk05-react for permissions ["firebase.projects.get","firebasehosting.sites.update"]
[debug] [2021-04-18T17:03:47.617Z] > refreshing access token with scopes: ["email","https://www.googleapis.com/auth/cloud-platform","https://www.googleapis.com/auth/cloudplatformprojects.readonly","https://www.googleapis.com/auth/firebase","openid"]
[debug] [2021-04-18T17:03:47.617Z] >>> HTTP REQUEST POST https://www.googleapis.com/oauth2/v3/token  
 <request body omitted>
[debug] [2021-04-18T17:03:47.891Z] <<< HTTP RESPONSE 200 {"cache-control":"no-cache, no-store, max-age=0, must-revalidate","expires":"Mon, 01 Jan 1990 00:00:00 GMT","date":"Sun, 18 Apr 2021 17:03:48 GMT","pragma":"no-cache","content-type":"application/json; charset=utf-8","vary":"X-Origin, Referer, Origin,Accept-Encoding","server":"scaffolding on HTTPServer2","x-xss-protection":"0","x-frame-options":"SAMEORIGIN","x-content-type-options":"nosniff","alt-svc":"h3-29=\":443\"; ma=2592000,h3-T051=\":443\"; ma=2592000,h3-Q050=\":443\"; ma=2592000,h3-Q046=\":443\"; ma=2592000,h3-Q043=\":443\"; ma=2592000,quic=\":443\"; ma=2592000; v=\"46,43\"","accept-ranges":"none","transfer-encoding":"chunked"}
[debug] [2021-04-18T17:03:47.917Z] >>> HTTP REQUEST POST https://cloudresourcemanager.googleapis.com/v1/projects/nandkk05-react:testIamPermissions  
 {"permissions":["firebase.projects.get","firebasehosting.sites.update"]}
[debug] [2021-04-18T17:03:49.665Z] <<< HTTP RESPONSE 200 {"content-type":"application/json; charset=UTF-8","vary":"X-Origin, Referer, Origin,Accept-Encoding","date":"Sun, 18 Apr 2021 17:03:49 GMT","server":"ESF","cache-control":"private","x-xss-protection":"0","x-frame-options":"SAMEORIGIN","x-content-type-options":"nosniff","server-timing":"gfet4t7; dur=1408","alt-svc":"h3-29=\":443\"; ma=2592000,h3-T051=\":443\"; ma=2592000,h3-Q050=\":443\"; ma=2592000,h3-Q046=\":443\"; ma=2592000,h3-Q043=\":443\"; ma=2592000,quic=\":443\"; ma=2592000; v=\"46,43\"","accept-ranges":"none","transfer-encoding":"chunked"}
[debug] [2021-04-18T17:03:49.670Z] > refreshing access token with scopes: []
[debug] [2021-04-18T17:03:49.670Z] >>> HTTP REQUEST POST https://www.googleapis.com/oauth2/v3/token  
 <request body omitted>
[debug] [2021-04-18T17:03:49.884Z] <<< HTTP RESPONSE 200 {"pragma":"no-cache","cache-control":"no-cache, no-store, max-age=0, must-revalidate","date":"Sun, 18 Apr 2021 17:03:50 GMT","expires":"Mon, 01 Jan 1990 00:00:00 GMT","content-type":"application/json; charset=utf-8","vary":"X-Origin, Referer, Origin,Accept-Encoding","server":"scaffolding on HTTPServer2","x-xss-protection":"0","x-frame-options":"SAMEORIGIN","x-content-type-options":"nosniff","alt-svc":"h3-29=\":443\"; ma=2592000,h3-T051=\":443\"; ma=2592000,h3-Q050=\":443\"; ma=2592000,h3-Q046=\":443\"; ma=2592000,h3-Q043=\":443\"; ma=2592000,quic=\":443\"; ma=2592000; v=\"46,43\"","accept-ranges":"none","transfer-encoding":"chunked"}
[debug] [2021-04-18T17:03:49.914Z] >>> [apiv2][query] GET https://firebase.googleapis.com/v1beta1/projects/nandkk05-react [none]
[debug] [2021-04-18T17:03:50.298Z] <<< [apiv2][status] GET https://firebase.googleapis.com/v1beta1/projects/nandkk05-react 200
[debug] [2021-04-18T17:03:50.298Z] <<< [apiv2][body] GET https://firebase.googleapis.com/v1beta1/projects/nandkk05-react {"projectId":"nandkk05-react","projectNumber":"224395629712","displayName":"React Resume","name":"projects/nandkk05-react","resources":{"hostingSite":"nandkk05-react","realtimeDatabaseInstance":"nandkk05-react"},"state":"ACTIVE"}
[info] 
[info] === Deploying to 'nandkk05-react'...
[info] 
[info] i  deploying hosting 
[debug] [2021-04-18T17:03:50.303Z] > refreshing access token with scopes: ["email","https://www.googleapis.com/auth/cloud-platform","https://www.googleapis.com/auth/cloudplatformprojects.readonly","https://www.googleapis.com/auth/firebase","openid"]
[debug] [2021-04-18T17:03:50.304Z] >>> HTTP REQUEST POST https://www.googleapis.com/oauth2/v3/token  
 <request body omitted>
[debug] [2021-04-18T17:03:50.528Z] <<< HTTP RESPONSE 200 {"expires":"Mon, 01 Jan 1990 00:00:00 GMT","date":"Sun, 18 Apr 2021 17:03:50 GMT","pragma":"no-cache","cache-control":"no-cache, no-store, max-age=0, must-revalidate","content-type":"application/json; charset=utf-8","vary":"X-Origin, Referer, Origin,Accept-Encoding","server":"scaffolding on HTTPServer2","x-xss-protection":"0","x-frame-options":"SAMEORIGIN","x-content-type-options":"nosniff","alt-svc":"h3-29=\":443\"; ma=2592000,h3-T051=\":443\"; ma=2592000,h3-Q050=\":443\"; ma=2592000,h3-Q046=\":443\"; ma=2592000,h3-Q043=\":443\"; ma=2592000,quic=\":443\"; ma=2592000; v=\"46,43\"","accept-ranges":"none","transfer-encoding":"chunked"}
[debug] [2021-04-18T17:03:50.553Z] >>> HTTP REQUEST POST https://firebasehosting.googleapis.com/v1beta1/sites/nandkk05-react/versions  
 {"config":{},"labels":{"deployment-tool":"cli-firebase"}}
[debug] [2021-04-18T17:03:52.769Z] <<< HTTP RESPONSE 200 {"content-type":"application/json; charset=UTF-8","vary":"X-Origin, Referer, Origin,Accept-Encoding","date":"Sun, 18 Apr 2021 17:03:52 GMT","server":"ESF","cache-control":"private","x-xss-protection":"0","x-frame-options":"SAMEORIGIN","x-content-type-options":"nosniff","alt-svc":"h3-29=\":443\"; ma=2592000,h3-T051=\":443\"; ma=2592000,h3-Q050=\":443\"; ma=2592000,h3-Q046=\":443\"; ma=2592000,h3-Q043=\":443\"; ma=2592000,quic=\":443\"; ma=2592000; v=\"46,43\"","accept-ranges":"none","transfer-encoding":"chunked"}
[info] i  hosting[nandkk05-react]: beginning deploy... 
[info] i  hosting[nandkk05-react]: found 20 files in build 
[debug] [2021-04-18T17:03:52.881Z] > refreshing access token with scopes: []
[debug] [2021-04-18T17:03:52.881Z] >>> HTTP REQUEST POST https://www.googleapis.com/oauth2/v3/token  
 <request body omitted>
[debug] [2021-04-18T17:03:52.882Z] [hosting] hash cache [YnVpbGQ] stored for 20 files
[debug] [2021-04-18T17:03:52.883Z] [hosting][hash queue][FINAL] {"max":83,"min":8,"avg":13.3,"active":0,"complete":20,"success":20,"errored":0,"retried":0,"total":20,"elapsed":90}
[debug] [2021-04-18T17:03:53.098Z] <<< HTTP RESPONSE 200 {"cache-control":"no-cache, no-store, max-age=0, must-revalidate","expires":"Mon, 01 Jan 1990 00:00:00 GMT","date":"Sun, 18 Apr 2021 17:03:53 GMT","pragma":"no-cache","content-type":"application/json; charset=utf-8","vary":"X-Origin, Referer, Origin,Accept-Encoding","server":"scaffolding on HTTPServer2","x-xss-protection":"0","x-frame-options":"SAMEORIGIN","x-content-type-options":"nosniff","alt-svc":"h3-29=\":443\"; ma=2592000,h3-T051=\":443\"; ma=2592000,h3-Q050=\":443\"; ma=2592000,h3-Q046=\":443\"; ma=2592000,h3-Q043=\":443\"; ma=2592000,quic=\":443\"; ma=2592000; v=\"46,43\"","accept-ranges":"none","transfer-encoding":"chunked"}
[debug] [2021-04-18T17:03:53.118Z] >>> [apiv2][query] POST https://firebasehosting.googleapis.com/v1beta1/sites/nandkk05-react/versions/88a014f9674c506a:populateFiles [none]
[debug] [2021-04-18T17:03:53.118Z] >>> [apiv2][body] POST https://firebasehosting.googleapis.com/v1beta1/sites/nandkk05-react/versions/88a014f9674c506a:populateFiles {"files":{"/404.html":"05cbc6f94d7a69ce2e29646eab13be2c884e61ba93e3094df5028866876d18b3","/asset-manifest.json":"e7e7689d44ca88ee97214cd322b5f5c19447ed68c4173e302fb93cff82723185","/index.html":"550273d4cd4bb5f33c539da598ca7f58e0d7ff84c1bea204d45eed08fd789f58","/favicon.ico":"a08fa4488c3ecef62d9effd03b3a989929bdcbecf5e905941f9034a15bd3dba3","/precache-manifest.038af665c0a766b9d76a5b87ddbcb4ed.js":"55ae0a58168055c3e0497088481b7752e89fe5412420da2bb4b988782b39624b","/robots.txt":"391d14b3c2f8c9143a27a28c7399585142228d4d1bdbe2c87ac946de411fa9a2","/logo192.png":"caff018b7f1e8fd481eb1c50d75b0ef236bcd5078b1d15c8bb348453fee30293","/service-worker.js":"f2963fab4f7c14c4fc89753bc7b0b778e19d676cf709170ba30d0ad4c80ea99c","/static/css/main.11f3449c.chunk.css.map":"852b808e507ea998b1e31a77e134d8a14fadc696b85942f3b05ee2d0e3f1b145","/manifest.json":"341d52628782f8ac9290bbfc43298afccb47b7cbfcee146ae30cf0f46bc30900","/logo512.png":"191fc21360b4ccfb1cda11a1efb97f489ed22672ca83f4064316802bbfdd750e","/static/js/2.89def18f.chunk.js.LICENSE.txt":"48b6e191faf87dbddf0cdea3d947fa9e0805b496894b7c36a371f4beb07eff5f","/static/css/main.11f3449c.chunk.css":"ef7813facea3fa18de00c293cc4d6eed14ba200acc24f998c086eeb7389c13a0","/static/js/runtime-main.3bbf3189.js":"05301f4ad0ff39297250a337267d738d9cbe114d967bb7d2467f60c646b5cd64","/static/js/main.14390ed9.chunk.js":"f13a8d7813189a130b8dcef8155c274871f8b7eac78818388025ab56b0681518","/static/js/runtime-main.3bbf3189.js.map":"49faffa996f05107036fca479d714ed357c0a2e85a4f0f4e68169077bd4738ce","/static/js/main.14390ed9.chunk.js.map":"2e025e7b770ebe442be7aa8a8f6c5e734b51482ee04ec2dc38773c8783aad7ed","/static/media/nand.29725f0a.jpg":"73974265109dd9ebeed7f8dac5e122edb7edcfb5333da2991c189273519fbed6","/static/js/2.89def18f.chunk.js":"25512e7b0375cb324c8e695656f130ed5c7f365031b0ee15d819c396ae666305","/static/js/2.89def18f.chunk.js.map":"85b5a40e951385c2724e30667b6ebc5fa6e5a65717edaacb239db8c0dc601e3b"}}
[debug] [2021-04-18T17:03:54.889Z] <<< [apiv2][status] POST https://firebasehosting.googleapis.com/v1beta1/sites/nandkk05-react/versions/88a014f9674c506a:populateFiles 200
[debug] [2021-04-18T17:03:54.890Z] <<< [apiv2][body] POST https://firebasehosting.googleapis.com/v1beta1/sites/nandkk05-react/versions/88a014f9674c506a:populateFiles {"uploadRequiredHashes":["852b808e507ea998b1e31a77e134d8a14fadc696b85942f3b05ee2d0e3f1b145","f2963fab4f7c14c4fc89753bc7b0b778e19d676cf709170ba30d0ad4c80ea99c","85b5a40e951385c2724e30667b6ebc5fa6e5a65717edaacb239db8c0dc601e3b","55ae0a58168055c3e0497088481b7752e89fe5412420da2bb4b988782b39624b","ef7813facea3fa18de00c293cc4d6eed14ba200acc24f998c086eeb7389c13a0","25512e7b0375cb324c8e695656f130ed5c7f365031b0ee15d819c396ae666305","49faffa996f05107036fca479d714ed357c0a2e85a4f0f4e68169077bd4738ce","48b6e191faf87dbddf0cdea3d947fa9e0805b496894b7c36a371f4beb07eff5f","e7e7689d44ca88ee97214cd322b5f5c19447ed68c4173e302fb93cff82723185","05301f4ad0ff39297250a337267d738d9cbe114d967bb7d2467f60c646b5cd64","2e025e7b770ebe442be7aa8a8f6c5e734b51482ee04ec2dc38773c8783aad7ed","550273d4cd4bb5f33c539da598ca7f58e0d7ff84c1bea204d45eed08fd789f58","f13a8d7813189a130b8dcef8155c274871f8b7eac78818388025ab56b0681518"],"uploadUrl":"https://upload-firebasehosting.googleapis.com/upload/sites/nandkk05-react/versions/88a014f9674c506a/files"}
[debug] [2021-04-18T17:03:54.893Z] >>> [apiv2][query] POST https://upload-firebasehosting.googleapis.com/upload/sites/nandkk05-react/versions/88a014f9674c506a/files/852b808e507ea998b1e31a77e134d8a14fadc696b85942f3b05ee2d0e3f1b145 [none]
[debug] [2021-04-18T17:03:54.893Z] >>> [apiv2][body] POST https://upload-firebasehosting.googleapis.com/upload/sites/nandkk05-react/versions/88a014f9674c506a/files/852b808e507ea998b1e31a77e134d8a14fadc696b85942f3b05ee2d0e3f1b145 [stream]
[debug] [2021-04-18T17:03:54.893Z] >>> [apiv2][query] POST https://upload-firebasehosting.googleapis.com/upload/sites/nandkk05-react/versions/88a014f9674c506a/files/f2963fab4f7c14c4fc89753bc7b0b778e19d676cf709170ba30d0ad4c80ea99c [none]
[debug] [2021-04-18T17:03:54.894Z] >>> [apiv2][body] POST https://upload-firebasehosting.googleapis.com/upload/sites/nandkk05-react/versions/88a014f9674c506a/files/f2963fab4f7c14c4fc89753bc7b0b778e19d676cf709170ba30d0ad4c80ea99c [stream]
[debug] [2021-04-18T17:03:54.894Z] >>> [apiv2][query] POST https://upload-firebasehosting.googleapis.com/upload/sites/nandkk05-react/versions/88a014f9674c506a/files/85b5a40e951385c2724e30667b6ebc5fa6e5a65717edaacb239db8c0dc601e3b [none]
[debug] [2021-04-18T17:03:54.894Z] >>> [apiv2][body] POST https://upload-firebasehosting.googleapis.com/upload/sites/nandkk05-react/versions/88a014f9674c506a/files/85b5a40e951385c2724e30667b6ebc5fa6e5a65717edaacb239db8c0dc601e3b [stream]
[debug] [2021-04-18T17:03:54.895Z] >>> [apiv2][query] POST https://upload-firebasehosting.googleapis.com/upload/sites/nandkk05-react/versions/88a014f9674c506a/files/55ae0a58168055c3e0497088481b7752e89fe5412420da2bb4b988782b39624b [none]
[debug] [2021-04-18T17:03:54.895Z] >>> [apiv2][body] POST https://upload-firebasehosting.googleapis.com/upload/sites/nandkk05-react/versions/88a014f9674c506a/files/55ae0a58168055c3e0497088481b7752e89fe5412420da2bb4b988782b39624b [stream]
[debug] [2021-04-18T17:03:54.896Z] >>> [apiv2][query] POST https://upload-firebasehosting.googleapis.com/upload/sites/nandkk05-react/versions/88a014f9674c506a/files/ef7813facea3fa18de00c293cc4d6eed14ba200acc24f998c086eeb7389c13a0 [none]
[debug] [2021-04-18T17:03:54.896Z] >>> [apiv2][body] POST https://upload-firebasehosting.googleapis.com/upload/sites/nandkk05-react/versions/88a014f9674c506a/files/ef7813facea3fa18de00c293cc4d6eed14ba200acc24f998c086eeb7389c13a0 [stream]
[debug] [2021-04-18T17:03:54.896Z] >>> [apiv2][query] POST https://upload-firebasehosting.googleapis.com/upload/sites/nandkk05-react/versions/88a014f9674c506a/files/25512e7b0375cb324c8e695656f130ed5c7f365031b0ee15d819c396ae666305 [none]
[debug] [2021-04-18T17:03:54.896Z] >>> [apiv2][body] POST https://upload-firebasehosting.googleapis.com/upload/sites/nandkk05-react/versions/88a014f9674c506a/files/25512e7b0375cb324c8e695656f130ed5c7f365031b0ee15d819c396ae666305 [stream]
[debug] [2021-04-18T17:03:54.900Z] >>> [apiv2][query] POST https://upload-firebasehosting.googleapis.com/upload/sites/nandkk05-react/versions/88a014f9674c506a/files/49faffa996f05107036fca479d714ed357c0a2e85a4f0f4e68169077bd4738ce [none]
[debug] [2021-04-18T17:03:54.900Z] >>> [apiv2][body] POST https://upload-firebasehosting.googleapis.com/upload/sites/nandkk05-react/versions/88a014f9674c506a/files/49faffa996f05107036fca479d714ed357c0a2e85a4f0f4e68169077bd4738ce [stream]
[debug] [2021-04-18T17:03:54.900Z] >>> [apiv2][query] POST https://upload-firebasehosting.googleapis.com/upload/sites/nandkk05-react/versions/88a014f9674c506a/files/48b6e191faf87dbddf0cdea3d947fa9e0805b496894b7c36a371f4beb07eff5f [none]
[debug] [2021-04-18T17:03:54.900Z] >>> [apiv2][body] POST https://upload-firebasehosting.googleapis.com/upload/sites/nandkk05-react/versions/88a014f9674c506a/files/48b6e191faf87dbddf0cdea3d947fa9e0805b496894b7c36a371f4beb07eff5f [stream]
[debug] [2021-04-18T17:03:54.901Z] >>> [apiv2][query] POST https://upload-firebasehosting.googleapis.com/upload/sites/nandkk05-react/versions/88a014f9674c506a/files/e7e7689d44ca88ee97214cd322b5f5c19447ed68c4173e302fb93cff82723185 [none]
[debug] [2021-04-18T17:03:54.901Z] >>> [apiv2][body] POST https://upload-firebasehosting.googleapis.com/upload/sites/nandkk05-react/versions/88a014f9674c506a/files/e7e7689d44ca88ee97214cd322b5f5c19447ed68c4173e302fb93cff82723185 [stream]
[debug] [2021-04-18T17:03:54.901Z] >>> [apiv2][query] POST https://upload-firebasehosting.googleapis.com/upload/sites/nandkk05-react/versions/88a014f9674c506a/files/05301f4ad0ff39297250a337267d738d9cbe114d967bb7d2467f60c646b5cd64 [none]
[debug] [2021-04-18T17:03:54.901Z] >>> [apiv2][body] POST https://upload-firebasehosting.googleapis.com/upload/sites/nandkk05-react/versions/88a014f9674c506a/files/05301f4ad0ff39297250a337267d738d9cbe114d967bb7d2467f60c646b5cd64 [stream]
[debug] [2021-04-18T17:03:54.902Z] >>> [apiv2][query] POST https://upload-firebasehosting.googleapis.com/upload/sites/nandkk05-react/versions/88a014f9674c506a/files/2e025e7b770ebe442be7aa8a8f6c5e734b51482ee04ec2dc38773c8783aad7ed [none]
[debug] [2021-04-18T17:03:54.902Z] >>> [apiv2][body] POST https://upload-firebasehosting.googleapis.com/upload/sites/nandkk05-react/versions/88a014f9674c506a/files/2e025e7b770ebe442be7aa8a8f6c5e734b51482ee04ec2dc38773c8783aad7ed [stream]
[debug] [2021-04-18T17:03:54.903Z] >>> [apiv2][query] POST https://upload-firebasehosting.googleapis.com/upload/sites/nandkk05-react/versions/88a014f9674c506a/files/550273d4cd4bb5f33c539da598ca7f58e0d7ff84c1bea204d45eed08fd789f58 [none]
[debug] [2021-04-18T17:03:54.903Z] >>> [apiv2][body] POST https://upload-firebasehosting.googleapis.com/upload/sites/nandkk05-react/versions/88a014f9674c506a/files/550273d4cd4bb5f33c539da598ca7f58e0d7ff84c1bea204d45eed08fd789f58 [stream]
[debug] [2021-04-18T17:03:54.903Z] >>> [apiv2][query] POST https://upload-firebasehosting.googleapis.com/upload/sites/nandkk05-react/versions/88a014f9674c506a/files/f13a8d7813189a130b8dcef8155c274871f8b7eac78818388025ab56b0681518 [none]
[debug] [2021-04-18T17:03:54.903Z] >>> [apiv2][body] POST https://upload-firebasehosting.googleapis.com/upload/sites/nandkk05-react/versions/88a014f9674c506a/files/f13a8d7813189a130b8dcef8155c274871f8b7eac78818388025ab56b0681518 [stream]
[debug] [2021-04-18T17:03:54.904Z] [hosting][populate queue][FINAL] {"max":2011,"min":2011,"avg":2011,"active":0,"complete":1,"success":1,"errored":0,"retried":0,"total":1,"elapsed":2023}
[debug] [2021-04-18T17:03:54.904Z] [hosting] uploads queued: 13
[debug] [2021-04-18T17:03:58.206Z] <<< [apiv2][status] POST https://upload-firebasehosting.googleapis.com/upload/sites/nandkk05-react/versions/88a014f9674c506a/files/ef7813facea3fa18de00c293cc4d6eed14ba200acc24f998c086eeb7389c13a0 200
[debug] [2021-04-18T17:03:58.208Z] <<< [apiv2][body] POST https://upload-firebasehosting.googleapis.com/upload/sites/nandkk05-react/versions/88a014f9674c506a/files/ef7813facea3fa18de00c293cc4d6eed14ba200acc24f998c086eeb7389c13a0 [stream]
[debug] [2021-04-18T17:03:58.217Z] <<< [apiv2][status] POST https://upload-firebasehosting.googleapis.com/upload/sites/nandkk05-react/versions/88a014f9674c506a/files/55ae0a58168055c3e0497088481b7752e89fe5412420da2bb4b988782b39624b 200
[debug] [2021-04-18T17:03:58.217Z] <<< [apiv2][body] POST https://upload-firebasehosting.googleapis.com/upload/sites/nandkk05-react/versions/88a014f9674c506a/files/55ae0a58168055c3e0497088481b7752e89fe5412420da2bb4b988782b39624b [stream]
[debug] [2021-04-18T17:03:58.226Z] <<< [apiv2][status] POST https://upload-firebasehosting.googleapis.com/upload/sites/nandkk05-react/versions/88a014f9674c506a/files/85b5a40e951385c2724e30667b6ebc5fa6e5a65717edaacb239db8c0dc601e3b 200
[debug] [2021-04-18T17:03:58.227Z] <<< [apiv2][body] POST https://upload-firebasehosting.googleapis.com/upload/sites/nandkk05-react/versions/88a014f9674c506a/files/85b5a40e951385c2724e30667b6ebc5fa6e5a65717edaacb239db8c0dc601e3b [stream]
[debug] [2021-04-18T17:03:58.230Z] <<< [apiv2][status] POST https://upload-firebasehosting.googleapis.com/upload/sites/nandkk05-react/versions/88a014f9674c506a/files/550273d4cd4bb5f33c539da598ca7f58e0d7ff84c1bea204d45eed08fd789f58 200
[debug] [2021-04-18T17:03:58.230Z] <<< [apiv2][body] POST https://upload-firebasehosting.googleapis.com/upload/sites/nandkk05-react/versions/88a014f9674c506a/files/550273d4cd4bb5f33c539da598ca7f58e0d7ff84c1bea204d45eed08fd789f58 [stream]
[debug] [2021-04-18T17:03:58.245Z] <<< [apiv2][status] POST https://upload-firebasehosting.googleapis.com/upload/sites/nandkk05-react/versions/88a014f9674c506a/files/e7e7689d44ca88ee97214cd322b5f5c19447ed68c4173e302fb93cff82723185 200
[debug] [2021-04-18T17:03:58.246Z] <<< [apiv2][body] POST https://upload-firebasehosting.googleapis.com/upload/sites/nandkk05-react/versions/88a014f9674c506a/files/e7e7689d44ca88ee97214cd322b5f5c19447ed68c4173e302fb93cff82723185 [stream]
[debug] [2021-04-18T17:03:58.262Z] <<< [apiv2][status] POST https://upload-firebasehosting.googleapis.com/upload/sites/nandkk05-react/versions/88a014f9674c506a/files/f13a8d7813189a130b8dcef8155c274871f8b7eac78818388025ab56b0681518 200
[debug] [2021-04-18T17:03:58.262Z] <<< [apiv2][body] POST https://upload-firebasehosting.googleapis.com/upload/sites/nandkk05-react/versions/88a014f9674c506a/files/f13a8d7813189a130b8dcef8155c274871f8b7eac78818388025ab56b0681518 [stream]
[debug] [2021-04-18T17:03:58.298Z] <<< [apiv2][status] POST https://upload-firebasehosting.googleapis.com/upload/sites/nandkk05-react/versions/88a014f9674c506a/files/2e025e7b770ebe442be7aa8a8f6c5e734b51482ee04ec2dc38773c8783aad7ed 200
[debug] [2021-04-18T17:03:58.298Z] <<< [apiv2][body] POST https://upload-firebasehosting.googleapis.com/upload/sites/nandkk05-react/versions/88a014f9674c506a/files/2e025e7b770ebe442be7aa8a8f6c5e734b51482ee04ec2dc38773c8783aad7ed [stream]
[debug] [2021-04-18T17:03:58.323Z] <<< [apiv2][status] POST https://upload-firebasehosting.googleapis.com/upload/sites/nandkk05-react/versions/88a014f9674c506a/files/25512e7b0375cb324c8e695656f130ed5c7f365031b0ee15d819c396ae666305 200
[debug] [2021-04-18T17:03:58.323Z] <<< [apiv2][body] POST https://upload-firebasehosting.googleapis.com/upload/sites/nandkk05-react/versions/88a014f9674c506a/files/25512e7b0375cb324c8e695656f130ed5c7f365031b0ee15d819c396ae666305 [stream]
[debug] [2021-04-18T17:03:58.913Z] <<< [apiv2][status] POST https://upload-firebasehosting.googleapis.com/upload/sites/nandkk05-react/versions/88a014f9674c506a/files/f2963fab4f7c14c4fc89753bc7b0b778e19d676cf709170ba30d0ad4c80ea99c 200
[debug] [2021-04-18T17:03:58.913Z] <<< [apiv2][body] POST https://upload-firebasehosting.googleapis.com/upload/sites/nandkk05-react/versions/88a014f9674c506a/files/f2963fab4f7c14c4fc89753bc7b0b778e19d676cf709170ba30d0ad4c80ea99c [stream]
[debug] [2021-04-18T17:03:58.916Z] <<< [apiv2][status] POST https://upload-firebasehosting.googleapis.com/upload/sites/nandkk05-react/versions/88a014f9674c506a/files/852b808e507ea998b1e31a77e134d8a14fadc696b85942f3b05ee2d0e3f1b145 200
[debug] [2021-04-18T17:03:58.916Z] <<< [apiv2][body] POST https://upload-firebasehosting.googleapis.com/upload/sites/nandkk05-react/versions/88a014f9674c506a/files/852b808e507ea998b1e31a77e134d8a14fadc696b85942f3b05ee2d0e3f1b145 [stream]
[debug] [2021-04-18T17:03:59.524Z] <<< [apiv2][status] POST https://upload-firebasehosting.googleapis.com/upload/sites/nandkk05-react/versions/88a014f9674c506a/files/49faffa996f05107036fca479d714ed357c0a2e85a4f0f4e68169077bd4738ce 200
[debug] [2021-04-18T17:03:59.525Z] <<< [apiv2][body] POST https://upload-firebasehosting.googleapis.com/upload/sites/nandkk05-react/versions/88a014f9674c506a/files/49faffa996f05107036fca479d714ed357c0a2e85a4f0f4e68169077bd4738ce [stream]
[debug] [2021-04-18T17:03:59.745Z] <<< [apiv2][status] POST https://upload-firebasehosting.googleapis.com/upload/sites/nandkk05-react/versions/88a014f9674c506a/files/48b6e191faf87dbddf0cdea3d947fa9e0805b496894b7c36a371f4beb07eff5f 200
[debug] [2021-04-18T17:03:59.745Z] <<< [apiv2][body] POST https://upload-firebasehosting.googleapis.com/upload/sites/nandkk05-react/versions/88a014f9674c506a/files/48b6e191faf87dbddf0cdea3d947fa9e0805b496894b7c36a371f4beb07eff5f [stream]
[debug] [2021-04-18T17:03:59.883Z] <<< [apiv2][status] POST https://upload-firebasehosting.googleapis.com/upload/sites/nandkk05-react/versions/88a014f9674c506a/files/05301f4ad0ff39297250a337267d738d9cbe114d967bb7d2467f60c646b5cd64 200
[debug] [2021-04-18T17:03:59.883Z] <<< [apiv2][body] POST https://upload-firebasehosting.googleapis.com/upload/sites/nandkk05-react/versions/88a014f9674c506a/files/05301f4ad0ff39297250a337267d738d9cbe114d967bb7d2467f60c646b5cd64 [stream]
[debug] [2021-04-18T17:03:59.883Z] [hosting][upload queue][FINAL] {"max":4991,"min":3317,"avg":3800.6153846153848,"active":0,"complete":13,"success":13,"errored":0,"retried":0,"total":13,"elapsed":4993}
[info] ✔  hosting[nandkk05-react]: file upload complete 
[debug] [2021-04-18T17:03:59.886Z] [hosting] deploy completed after 7114ms
[debug] [2021-04-18T17:04:00.139Z] [
  {
    "config": {
      "public": "build",
      "ignore": [
        "firebase.json",
        "**/.*",
        "**/node_modules/**"
      ],
      "site": "nandkk05-react"
    },
    "site": "nandkk05-react",
    "version": "sites/nandkk05-react/versions/88a014f9674c506a"
  }
]
[info] i  hosting[nandkk05-react]: finalizing version... 
[debug] [2021-04-18T17:04:00.143Z] > refreshing access token with scopes: ["email","https://www.googleapis.com/auth/cloud-platform","https://www.googleapis.com/auth/cloudplatformprojects.readonly","https://www.googleapis.com/auth/firebase","openid"]
[debug] [2021-04-18T17:04:00.144Z] >>> HTTP REQUEST POST https://www.googleapis.com/oauth2/v3/token  
 <request body omitted>
[debug] [2021-04-18T17:04:00.371Z] <<< HTTP RESPONSE 200 {"expires":"Mon, 01 Jan 1990 00:00:00 GMT","cache-control":"no-cache, no-store, max-age=0, must-revalidate","date":"Sun, 18 Apr 2021 17:04:00 GMT","pragma":"no-cache","content-type":"application/json; charset=utf-8","vary":"X-Origin, Referer, Origin,Accept-Encoding","server":"scaffolding on HTTPServer2","x-xss-protection":"0","x-frame-options":"SAMEORIGIN","x-content-type-options":"nosniff","alt-svc":"h3-29=\":443\"; ma=2592000,h3-T051=\":443\"; ma=2592000,h3-Q050=\":443\"; ma=2592000,h3-Q046=\":443\"; ma=2592000,h3-Q043=\":443\"; ma=2592000,quic=\":443\"; ma=2592000; v=\"46,43\"","accept-ranges":"none","transfer-encoding":"chunked"}
[debug] [2021-04-18T17:04:00.397Z] >>> HTTP REQUEST PATCH https://firebasehosting.googleapis.com/v1beta1/sites/nandkk05-react/versions/88a014f9674c506a?updateMask=status  
 {"status":"FINALIZED"}
[debug] [2021-04-18T17:04:02.198Z] <<< HTTP RESPONSE 200 {"content-type":"application/json; charset=UTF-8","vary":"X-Origin, Referer, Origin,Accept-Encoding","date":"Sun, 18 Apr 2021 17:04:02 GMT","server":"ESF","cache-control":"private","x-xss-protection":"0","x-frame-options":"SAMEORIGIN","x-content-type-options":"nosniff","alt-svc":"h3-29=\":443\"; ma=2592000,h3-T051=\":443\"; ma=2592000,h3-Q050=\":443\"; ma=2592000,h3-Q046=\":443\"; ma=2592000,h3-Q043=\":443\"; ma=2592000,quic=\":443\"; ma=2592000; v=\"46,43\"","accept-ranges":"none","transfer-encoding":"chunked"}
[debug] [2021-04-18T17:04:02.199Z] [hosting] finalized version for nandkk05-react: {"name":"sites/nandkk05-react/versions/88a014f9674c506a","status":"FINALIZED","config":{},"labels":{"deployment-tool":"cli-firebase"},"createTime":"2021-04-18T17:03:52.429287Z","createUser":{"email":"hellonandkishor@gmail.com"},"finalizeTime":"2021-04-18T17:04:02.177303Z","finalizeUser":{"email":"hellonandkishor@gmail.com"}}
[info] ✔  hosting[nandkk05-react]: version finalized 
[info] i  hosting[nandkk05-react]: releasing new version... 
[debug] [2021-04-18T17:04:02.201Z] >>> HTTP REQUEST POST https://firebasehosting.googleapis.com/v1beta1/sites/nandkk05-react/releases?version_name=sites/nandkk05-react/versions/88a014f9674c506a  
 {"message":null}
